<?xml version="1.0" encoding="UTF-8" ?>
<testsuite errors="0" failures="0" hostname="Denniss-MacBook-Pro.local" name="doctorj.DocumentConverterTest" tests="0" time="0.044" timestamp="2013-02-23T19:06:47">
  <properties>
    <property name="java.runtime.name" value="Java(TM) SE Runtime Environment" />
    <property name="jruby.home" value="/Users/denniskuczynski/.rvm/rubies/jruby-1.7.3" />
    <property name="sun.boot.library.path" value="/Library/Java/JavaVirtualMachines/jdk1.7.0_15.jdk/Contents/Home/jre/lib" />
    <property name="java.vm.version" value="23.7-b01" />
    <property name="gopherProxySet" value="false" />
    <property name="ant.version" value="Apache Ant(TM) version 1.8.3 compiled on February 26 2012" />
    <property name="ant.java.version" value="1.7" />
    <property name="java.vm.vendor" value="Oracle Corporation" />
    <property name="java.vendor.url" value="http://java.oracle.com/" />
    <property name="path.separator" value=":" />
    <property name="java.vm.name" value="Java HotSpot(TM) 64-Bit Server VM" />
    <property name="file.encoding.pkg" value="sun.io" />
    <property name="user.country" value="US" />
    <property name="sun.java.launcher" value="SUN_STANDARD" />
    <property name="sun.os.patch.level" value="unknown" />
    <property name="java.vm.specification.name" value="Java Virtual Machine Specification" />
    <property name="user.dir" value="/Users/denniskuczynski/Documents/workspace/doctorj" />
    <property name="java.runtime.version" value="1.7.0_15-b03" />
    <property name="java.awt.graphicsenv" value="sun.awt.CGraphicsEnvironment" />
    <property name="basedir" value="/Users/denniskuczynski/Documents/workspace/doctorj" />
    <property name="java.endorsed.dirs" value="/Library/Java/JavaVirtualMachines/jdk1.7.0_15.jdk/Contents/Home/jre/lib/endorsed" />
    <property name="os.arch" value="x86_64" />
    <property name="ant.project.default-target" value="" />
    <property name="java.io.tmpdir" value="/var/folders/bc/mw8zdkfx35d_j4ybtbvc106c0000gn/T/" />
    <property name="ant.core.lib" value="/Users/denniskuczynski/.m2/repository/org/apache/ant/ant/1.8.3/ant-1.8.3.jar" />
    <property name="line.separator" value="&#xa;" />
    <property name="java.vm.specification.vendor" value="Oracle Corporation" />
    <property name="os.name" value="Mac OS X" />
    <property name="jdk.home" value="" />
    <property name="ant.project.name" value="junit" />
    <property name="sun.jnu.encoding" value="UTF-8" />
    <property name="java.library.path" value="/Users/denniskuczynski/Library/Java/Extensions:/Library/Java/Extensions:/Network/Library/Java/Extensions:/System/Library/Java/Extensions:/usr/lib/java:." />
    <property name="jruby.memory.max" value="500m" />
    <property name="java.specification.name" value="Java Platform API Specification" />
    <property name="java.class.version" value="51.0" />
    <property name="sun.management.compiler" value="HotSpot 64-Bit Tiered Compilers" />
    <property name="os.version" value="10.8.2" />
    <property name="http.nonProxyHosts" value="local|*.local|169.254/16|*.169.254/16" />
    <property name="jffi.boot.library.path" value="/Users/denniskuczynski/.rvm/rubies/jruby-1.7.3/lib/native/Darwin" />
    <property name="user.home" value="/Users/denniskuczynski" />
    <property name="user.timezone" value="" />
    <property name="java.awt.printerjob" value="sun.lwawt.macosx.CPrinterJob" />
    <property name="java.specification.version" value="1.7" />
    <property name="file.encoding" value="UTF-8" />
    <property name="java.class.path" value="/Users/denniskuczynski/Documents/workspace/doctorj/target/test/classes:/Applications/LibreOffice.app/Contents/ure-link/share/java/java_uno.jar:/Applications/LibreOffice.app/Contents/ure-link/share/java/juh.jar:/Applications/LibreOffice.app/Contents/ure-link/share/java/jurt.jar:/Applications/LibreOffice.app/Contents/ure-link/share/java/ridl.jar:/Applications/LibreOffice.app/Contents/ure-link/share/java/unoloader.jar:/Applications/LibreOffice.app/Contents/MacOS/classes/unoil.jar:/Users/denniskuczynski/.m2/repository/org/mortbay/jetty/servlet-api/3.0.20100224/servlet-api-3.0.20100224.jar:/Users/denniskuczynski/.m2/repository/org/eclipse/jetty/aggregate/jetty-all/8.1.9.v20130131/jetty-all-8.1.9.v20130131.jar:/Users/denniskuczynski/.m2/repository/asm/asm/3.3.1/asm-3.3.1.jar:/Users/denniskuczynski/.m2/repository/com/sun/jersey/jersey-bundle/1.17/jersey-bundle-1.17.jar:/Users/denniskuczynski/.m2/repository/commons-io/commons-io/2.4/commons-io-2.4.jar:/Users/denniskuczynski/Documents/workspace/doctorj/target/classes:/Users/denniskuczynski/.m2/repository/junit/junit/4.8.2/junit-4.8.2.jar:/Users/denniskuczynski/.m2/repository/org/jmock/jmock/2.5.1/jmock-2.5.1.jar:/Users/denniskuczynski/.m2/repository/org/jmock/jmock-junit4/2.5.1/jmock-junit4-2.5.1.jar:/Users/denniskuczynski/.m2/repository/org/hamcrest/hamcrest-core/1.1/hamcrest-core-1.1.jar:/Users/denniskuczynski/.m2/repository/org/hamcrest/hamcrest-library/1.1/hamcrest-library-1.1.jar:/Users/denniskuczynski/.m2/repository/org/apache/ant/ant-launcher/1.8.3/ant-launcher-1.8.3.jar:/Users/denniskuczynski/.m2/repository/org/apache/ant/ant/1.8.3/ant-1.8.3.jar:/Users/denniskuczynski/.m2/repository/org/apache/ant/ant-junit/1.8.3/ant-junit-1.8.3.jar" />
    <property name="user.name" value="denniskuczynski" />
    <property name="jruby.script" value="jruby" />
    <property name="jruby.stack.max" value="2048k" />
    <property name="jruby.shell" value="/bin/sh" />
    <property name="java.vm.specification.version" value="1.7" />
    <property name="java.home" value="/Library/Java/JavaVirtualMachines/jdk1.7.0_15.jdk/Contents/Home/jre" />
    <property name="sun.java.command" value="org.apache.tools.ant.taskdefs.optional.junit.JUnitTestRunner doctorj.DocumentConverterTest filtertrace=true haltOnError=false haltOnFailure=false showoutput=false outputtoformatters=true logfailedtests=true logtestlistenerevents=false formatter=org.apache.tools.ant.taskdefs.optional.junit.PlainJUnitResultFormatter,/Users/denniskuczynski/Documents/workspace/doctorj/reports/junit/TEST-doctorj.DocumentConverterTest.txt formatter=org.apache.tools.ant.taskdefs.optional.junit.PlainJUnitResultFormatter formatter=org.apache.tools.ant.taskdefs.optional.junit.XMLJUnitResultFormatter,/Users/denniskuczynski/Documents/workspace/doctorj/reports/junit/TEST-doctorj.DocumentConverterTest.xml crashfile=/Users/denniskuczynski/Documents/workspace/doctorj/junitvmwatcher1865214045268335492.properties propsfile=/Users/denniskuczynski/Documents/workspace/doctorj/junit7373056967714826562.properties" />
    <property name="sun.arch.data.model" value="64" />
    <property name="user.language" value="en" />
    <property name="java.specification.vendor" value="Oracle Corporation" />
    <property name="awt.toolkit" value="sun.lwawt.macosx.LWCToolkit" />
    <property name="java.vm.info" value="mixed mode" />
    <property name="java.version" value="1.7.0_15" />
    <property name="java.ext.dirs" value="/Users/denniskuczynski/Library/Java/Extensions:/Library/Java/JavaVirtualMachines/jdk1.7.0_15.jdk/Contents/Home/jre/lib/ext:/Library/Java/Extensions:/Network/Library/Java/Extensions:/System/Library/Java/Extensions:/usr/lib/java" />
    <property name="sun.boot.class.path" value="/Library/Java/JavaVirtualMachines/jdk1.7.0_15.jdk/Contents/Home/jre/lib/resources.jar:/Library/Java/JavaVirtualMachines/jdk1.7.0_15.jdk/Contents/Home/jre/lib/rt.jar:/Library/Java/JavaVirtualMachines/jdk1.7.0_15.jdk/Contents/Home/jre/lib/sunrsasign.jar:/Library/Java/JavaVirtualMachines/jdk1.7.0_15.jdk/Contents/Home/jre/lib/jsse.jar:/Library/Java/JavaVirtualMachines/jdk1.7.0_15.jdk/Contents/Home/jre/lib/jce.jar:/Library/Java/JavaVirtualMachines/jdk1.7.0_15.jdk/Contents/Home/jre/lib/charsets.jar:/Library/Java/JavaVirtualMachines/jdk1.7.0_15.jdk/Contents/Home/jre/lib/jfr.jar:/Library/Java/JavaVirtualMachines/jdk1.7.0_15.jdk/Contents/Home/jre/lib/JObjC.jar:/Library/Java/JavaVirtualMachines/jdk1.7.0_15.jdk/Contents/Home/jre/classes" />
    <property name="java.vendor" value="Oracle Corporation" />
    <property name="file.separator" value="/" />
    <property name="java.vendor.url.bug" value="http://bugreport.sun.com/bugreport/" />
    <property name="sun.io.unicode.encoding" value="UnicodeBig" />
    <property name="sun.cpu.endian" value="little" />
    <property name="baseDir" value="/Users/denniskuczynski/Documents/workspace/doctorj/target/test/classes" />
    <property name="socksNonProxyHosts" value="local|*.local|169.254/16|*.169.254/16" />
    <property name="ftp.nonProxyHosts" value="local|*.local|169.254/16|*.169.254/16" />
    <property name="sun.cpu.isalist" value="" />
  </properties>
  <system-out><![CDATA[]]></system-out>
  <system-err><![CDATA[]]></system-err>
</testsuite>
